<?xml version="1.0" encoding="UTF-8" ?>
<testsuite tests="1" failures="0" name="recetteTests.projet.potatoes.AppTest" time="0.002" errors="0" skipped="0">
  <properties>
    <property name="java.runtime.name" value="Java(TM) SE Runtime Environment"/>
    <property name="sun.boot.library.path" value="F:\LP_DEVOPS\archi n tiers\OUTILS\jdk1.8.0_60\jre\bin"/>
    <property name="java.vm.version" value="25.60-b23"/>
    <property name="java.vm.vendor" value="Oracle Corporation"/>
    <property name="maven.multiModuleProjectDirectory" value="F:\LP_DEVOPS\recette_tests\workspace\potatoes"/>
    <property name="java.vendor.url" value="http://java.oracle.com/"/>
    <property name="path.separator" value=";"/>
    <property name="guice.disable.misplaced.annotation.check" value="true"/>
    <property name="java.vm.name" value="Java HotSpot(TM) 64-Bit Server VM"/>
    <property name="file.encoding.pkg" value="sun.io"/>
    <property name="user.script" value=""/>
    <property name="user.country" value="FR"/>
    <property name="sun.java.launcher" value="SUN_STANDARD"/>
    <property name="sun.os.patch.level" value="Service Pack 1"/>
    <property name="java.vm.specification.name" value="Java Virtual Machine Specification"/>
    <property name="user.dir" value="F:\LP_DEVOPS\recette_tests\workspace\potatoes"/>
    <property name="java.runtime.version" value="1.8.0_60-b27"/>
    <property name="java.awt.graphicsenv" value="sun.awt.Win32GraphicsEnvironment"/>
    <property name="java.endorsed.dirs" value="F:\LP_DEVOPS\archi n tiers\OUTILS\jdk1.8.0_60\jre\lib\endorsed"/>
    <property name="os.arch" value="amd64"/>
    <property name="java.io.tmpdir" value="C:\Users\p1614402\AppData\Local\Temp\"/>
    <property name="line.separator" value="
"/>
    <property name="java.vm.specification.vendor" value="Oracle Corporation"/>
    <property name="user.variant" value=""/>
    <property name="os.name" value="Windows 7"/>
    <property name="classworlds.conf" value="F:\LP_DEVOPS\recette_tests\workspace\.metadata\.plugins\org.eclipse.m2e.launching\launches\m2conf8898312468225572131.tmp"/>
    <property name="sun.jnu.encoding" value="Cp1252"/>
    <property name="java.library.path" value="F:\LP_DEVOPS\archi n tiers\OUTILS\jdk1.8.0_60\bin;C:\Windows\Sun\Java\bin;C:\Windows\system32;C:\Windows;C:/Program Files/Java/jre1.8.0_101/bin/server;C:/Program Files/Java/jre1.8.0_101/bin;C:/Program Files/Java/jre1.8.0_101/lib/amd64;C:\app2\client\product\12.1.0\client_1;C:\app2\client\product\12.1.0\client_1\bin;C:\app\Oracle\product\12.1.0\client_1\bin;C:\Program Files (x86)\Python35-32\Scripts\;C:\Program Files (x86)\Python35-32\;C:\ProgramData\Oracle\Java\javapath;C:\Windows\system32;C:\Windows;C:\Windows\System32\Wbem;C:\Windows\System32\WindowsPowerShell;C:\Program Files\MongoDB\Server\3.2\bin;C:\Program Files (x86)\Windows Kits\8.1\Windows Performance Toolkit\;C:\Program Files\Microsoft SQL Server\110\Tools\Binn\;C:\Program Files\Git\cmd;C:\Program Files\TortoiseGit\bin;C:\Program Files\TortoiseHg\;C:\Program Files (x86)\Microsoft SDKs\TypeScript\1.0\;C:\Program Files\Microsoft SQL Server\120\Tools\Binn\;C:\Program Files (x86)\Java\jdk1.8.0_92\bin;C:\Program Files\Java\jdk1.8.0_92\bin;C:\Program Files (x86)\Common Files\Netop\;C:\Program Files (x86)\Netop\Vision\XL\;F:\LP_DEVOPS\archi n tiers\OUTILS\eclipse;;."/>
    <property name="java.specification.name" value="Java Platform API Specification"/>
    <property name="java.class.version" value="52.0"/>
    <property name="sun.management.compiler" value="HotSpot 64-Bit Tiered Compilers"/>
    <property name="os.version" value="6.1"/>
    <property name="user.home" value="C:\Users\p1614402"/>
    <property name="user.timezone" value="Europe/Paris"/>
    <property name="java.awt.printerjob" value="sun.awt.windows.WPrinterJob"/>
    <property name="java.specification.version" value="1.8"/>
    <property name="file.encoding" value="Cp1252"/>
    <property name="user.name" value="p1614402"/>
    <property name="java.class.path" value="F:\LP_DEVOPS\archi n tiers\OUTILS\apache-maven-3.3.9\boot\plexus-classworlds-2.5.2.jar"/>
    <property name="java.vm.specification.version" value="1.8"/>
    <property name="sun.arch.data.model" value="64"/>
    <property name="java.home" value="F:\LP_DEVOPS\archi n tiers\OUTILS\jdk1.8.0_60\jre"/>
    <property name="sun.java.command" value="org.codehaus.plexus.classworlds.launcher.Launcher -B -gs F:\LP_DEVOPS\archi n tiers\OUTILS\apache-maven-3.3.9\conf\settings.xml -s F:\LP_DEVOPS\archi n tiers\OUTILS\apache-maven-3.3.9\conf\settings.xml install"/>
    <property name="java.specification.vendor" value="Oracle Corporation"/>
    <property name="user.language" value="fr"/>
    <property name="awt.toolkit" value="sun.awt.windows.WToolkit"/>
    <property name="java.vm.info" value="mixed mode"/>
    <property name="java.version" value="1.8.0_60"/>
    <property name="java.ext.dirs" value="F:\LP_DEVOPS\archi n tiers\OUTILS\jdk1.8.0_60\jre\lib\ext;C:\Windows\Sun\Java\lib\ext"/>
    <property name="sun.boot.class.path" value="F:\LP_DEVOPS\archi n tiers\OUTILS\jdk1.8.0_60\jre\lib\resources.jar;F:\LP_DEVOPS\archi n tiers\OUTILS\jdk1.8.0_60\jre\lib\rt.jar;F:\LP_DEVOPS\archi n tiers\OUTILS\jdk1.8.0_60\jre\lib\sunrsasign.jar;F:\LP_DEVOPS\archi n tiers\OUTILS\jdk1.8.0_60\jre\lib\jsse.jar;F:\LP_DEVOPS\archi n tiers\OUTILS\jdk1.8.0_60\jre\lib\jce.jar;F:\LP_DEVOPS\archi n tiers\OUTILS\jdk1.8.0_60\jre\lib\charsets.jar;F:\LP_DEVOPS\archi n tiers\OUTILS\jdk1.8.0_60\jre\lib\jfr.jar;F:\LP_DEVOPS\archi n tiers\OUTILS\jdk1.8.0_60\jre\classes"/>
    <property name="java.vendor" value="Oracle Corporation"/>
    <property name="maven.home" value="F:\LP_DEVOPS\archi n tiers\OUTILS\apache-maven-3.3.9"/>
    <property name="file.separator" value="\"/>
    <property name="java.vendor.url.bug" value="http://bugreport.sun.com/bugreport/"/>
    <property name="sun.cpu.endian" value="little"/>
    <property name="sun.io.unicode.encoding" value="UnicodeLittle"/>
    <property name="sun.desktop" value="windows"/>
    <property name="sun.cpu.isalist" value="amd64"/>
  </properties>
  <testcase classname="recetteTests.projet.potatoes.AppTest" name="testApp" time="0.002"/>
</testsuite>